# JRE version: Java(TM) SE Runtime Environment (25.0.1+8) (build 25.0.1+8-LTS-27)
# Java VM: Java HotSpot(TM) 64-Bit Server VM (25.0.1+8-LTS-27, mixed mode, sharing, tiered, compressed oops, compressed class ptrs, g1 gc, windows-amd64)
GC Precious Log:
 CardTable entry size: 512
 Card Set container configuration: InlinePtr #cards 5 size 8 Array Of Cards #cards 10 size 36 Howl #buckets 4 coarsen threshold 1843 Howl Bitmap #cards 512 size 80 coarsen threshold 460 Card regions per heap region 1 cards per card region 2048
 CPUs: 8 total, 8 available
 Memory: 7455M
 Large Page Support: Disabled
 NUMA Support: Disabled
 Compressed Oops: Enabled (32-bit)
 Heap Region Size: 1M
 Heap Min Capacity: 8M
 Heap Initial Capacity: 118M
 Heap Max Capacity: 1864M
 Pre-touch: Disabled
 Parallel Workers: 8
 Concurrent Workers: 2
 Concurrent Refinement Workers: 8
 Periodic GC: Disabled
Heap:
 garbage-first heap   total reserved 1908736K, committed 118784K, used 92902K [0x000000008b800000, 0x0000000100000000)
  region size 1024K, 53 young (54272K), 2 survivors (2048K)
GC Heap Usage History (14 events):
Event: 3.109 {heap Before GC invocations=0 (full 0):
 garbage-first heap   total reserved 1908736K, committed 122880K, used 49301K [0x000000008b800000, 0x0000000100000000)
  region size 1024K, 47 young (48128K), 0 survivors (0K)
}
Event: 3.127 {heap After GC invocations=1 (full 0):
 garbage-first heap   total reserved 1908736K, committed 122880K, used 5781K [0x000000008b800000, 0x0000000100000000)
  region size 1024K, 5 young (5120K), 5 survivors (5120K)
}
Event: 5.825 {heap Before GC invocations=1 (full 0):
 garbage-first heap   total reserved 1908736K, committed 122880K, used 58005K [0x000000008b800000, 0x0000000100000000)
  region size 1024K, 56 young (57344K), 5 survivors (5120K)
}
Event: 5.859 {heap After GC invocations=2 (full 0):
 garbage-first heap   total reserved 1908736K, committed 122880K, used 11871K [0x000000008b800000, 0x0000000100000000)
  region size 1024K, 7 young (7168K), 7 survivors (7168K)
}
Event: 8.510 {heap Before GC invocations=2 (full 0):
 garbage-first heap   total reserved 1908736K, committed 122880K, used 71263K [0x000000008b800000, 0x0000000100000000)
  region size 1024K, 65 young (66560K), 7 survivors (7168K)
}
Event: 8.537 {heap After GC invocations=3 (full 0):
 garbage-first heap   total reserved 1908736K, committed 122880K, used 15506K [0x000000008b800000, 0x0000000100000000)
  region size 1024K, 4 young (4096K), 4 survivors (4096K)
}
Event: 10.758 {heap Before GC invocations=3 (full 0):
 garbage-first heap   total reserved 1908736K, committed 122880K, used 55442K [0x000000008b800000, 0x0000000100000000)
  region size 1024K, 38 young (38912K), 4 survivors (4096K)
}
Event: 10.779 {heap After GC invocations=4 (full 0):
 garbage-first heap   total reserved 1908736K, committed 122880K, used 27282K [0x000000008b800000, 0x0000000100000000)
  region size 1024K, 9 young (9216K), 9 survivors (9216K)
}
Event: 13.468 {heap Before GC invocations=5 (full 0):
 garbage-first heap   total reserved 1908736K, committed 96256K, used 75410K [0x000000008b800000, 0x0000000100000000)
  region size 1024K, 56 young (57344K), 9 survivors (9216K)
}
Event: 13.515 {heap After GC invocations=6 (full 0):
 garbage-first heap   total reserved 1908736K, committed 98304K, used 35986K [0x000000008b800000, 0x0000000100000000)
  region size 1024K, 7 young (7168K), 7 survivors (7168K)
}
Event: 15.495 {heap Before GC invocations=6 (full 0):
 garbage-first heap   total reserved 1908736K, committed 98304K, used 71826K [0x000000008b800000, 0x0000000100000000)
  region size 1024K, 43 young (44032K), 7 survivors (7168K)
}
Event: 15.521 {heap After GC invocations=7 (full 0):
 garbage-first heap   total reserved 1908736K, committed 98304K, used 39932K [0x000000008b800000, 0x0000000100000000)
  region size 1024K, 4 young (4096K), 4 survivors (4096K)
}
Event: 18.142 {heap Before GC invocations=7 (full 0):
 garbage-first heap   total reserved 1908736K, committed 98304K, used 76796K [0x000000008b800000, 0x0000000100000000)
  region size 1024K, 40 young (40960K), 4 survivors (4096K)
}
Event: 18.158 {heap After GC invocations=8 (full 0):
 garbage-first heap   total reserved 1908736K, committed 118784K, used 41702K [0x000000008b800000, 0x0000000100000000)
  region size 1024K, 2 young (2048K), 2 survivors (2048K)
}

